[1.154s] Invoking command in '/home/novinnam/Desktop/ros2_jazzy_moveit_arm_sim/ros2_ws/build/my_py_pkg': CONDA_PROMPT_MODIFIER=(base) DEBUGINFOD_URLS=https://debuginfod.ubuntu.com PYTHONPATH=/home/novinnam/Desktop/ros2_jazzy_moveit_arm_sim/ros2_ws/build/my_py_pkg/prefix_override:/usr/lib/python3/dist-packages/colcon_core/task/python/colcon_distutils_commands:/home/novinnam/Desktop/ros2_jazzy_moveit_arm_sim/ros2_ws/install/my_py_pkg/lib/python3.12/site-packages:${PYTHONPATH} /usr/bin/python3 -W ignore:setup.py install is deprecated -W ignore:easy_install command is deprecated setup.py develop --editable --build-directory /home/novinnam/Desktop/ros2_jazzy_moveit_arm_sim/ros2_ws/build/my_py_pkg/build --no-deps symlink_data
[1.608s] running develop
[1.922s] running egg_info
[1.923s] creating my_py_pkg.egg-info
[1.956s] writing my_py_pkg.egg-info/PKG-INFO
[1.956s] writing dependency_links to my_py_pkg.egg-info/dependency_links.txt
[1.956s] writing entry points to my_py_pkg.egg-info/entry_points.txt
[1.956s] writing requirements to my_py_pkg.egg-info/requires.txt
[1.956s] writing top-level names to my_py_pkg.egg-info/top_level.txt
[1.957s] writing manifest file 'my_py_pkg.egg-info/SOURCES.txt'
[2.009s] reading manifest file 'my_py_pkg.egg-info/SOURCES.txt'
[2.010s] writing manifest file 'my_py_pkg.egg-info/SOURCES.txt'
[2.048s] running build_ext
[2.049s] Creating /home/novinnam/Desktop/ros2_jazzy_moveit_arm_sim/ros2_ws/install/my_py_pkg/lib/python3.12/site-packages/my-py-pkg.egg-link (link to .)
[2.049s] Installing py_node script to /home/novinnam/Desktop/ros2_jazzy_moveit_arm_sim/ros2_ws/install/my_py_pkg/lib/my_py_pkg
[2.050s] 
[2.050s] Installed /home/novinnam/Desktop/ros2_jazzy_moveit_arm_sim/ros2_ws/build/my_py_pkg
[2.050s] running symlink_data
[2.050s] creating /home/novinnam/Desktop/ros2_jazzy_moveit_arm_sim/ros2_ws/install/my_py_pkg/share/ament_index
[2.050s] creating /home/novinnam/Desktop/ros2_jazzy_moveit_arm_sim/ros2_ws/install/my_py_pkg/share/ament_index/resource_index
[2.051s] creating /home/novinnam/Desktop/ros2_jazzy_moveit_arm_sim/ros2_ws/install/my_py_pkg/share/ament_index/resource_index/packages
[2.051s] symbolically linking /home/novinnam/Desktop/ros2_jazzy_moveit_arm_sim/ros2_ws/build/my_py_pkg/resource/my_py_pkg -> /home/novinnam/Desktop/ros2_jazzy_moveit_arm_sim/ros2_ws/install/my_py_pkg/share/ament_index/resource_index/packages
[2.051s] symbolically linking /home/novinnam/Desktop/ros2_jazzy_moveit_arm_sim/ros2_ws/build/my_py_pkg/package.xml -> /home/novinnam/Desktop/ros2_jazzy_moveit_arm_sim/ros2_ws/install/my_py_pkg/share/my_py_pkg
[2.085s] Invoked command in '/home/novinnam/Desktop/ros2_jazzy_moveit_arm_sim/ros2_ws/build/my_py_pkg' returned '0': CONDA_PROMPT_MODIFIER=(base) DEBUGINFOD_URLS=https://debuginfod.ubuntu.com PYTHONPATH=/home/novinnam/Desktop/ros2_jazzy_moveit_arm_sim/ros2_ws/build/my_py_pkg/prefix_override:/usr/lib/python3/dist-packages/colcon_core/task/python/colcon_distutils_commands:/home/novinnam/Desktop/ros2_jazzy_moveit_arm_sim/ros2_ws/install/my_py_pkg/lib/python3.12/site-packages:${PYTHONPATH} /usr/bin/python3 -W ignore:setup.py install is deprecated -W ignore:easy_install command is deprecated setup.py develop --editable --build-directory /home/novinnam/Desktop/ros2_jazzy_moveit_arm_sim/ros2_ws/build/my_py_pkg/build --no-deps symlink_data
