[1.296s] Invoking command in '/home/novinnam/Desktop/ros2_jazzy_moveit_arm_sim/ros2_ws/src/my_py_pkg': CONDA_PROMPT_MODIFIER=(base) DEBUGINFOD_URLS=https://debuginfod.ubuntu.com PYTHONPATH=/home/novinnam/Desktop/ros2_jazzy_moveit_arm_sim/ros2_ws/build/my_py_pkg/prefix_override:/usr/lib/python3/dist-packages/colcon_core/task/python/colcon_distutils_commands:/home/novinnam/Desktop/ros2_jazzy_moveit_arm_sim/ros2_ws/install/my_py_pkg/lib/python3.12/site-packages:${PYTHONPATH} /usr/bin/python3 -W ignore:setup.py install is deprecated -W ignore:easy_install command is deprecated setup.py egg_info --egg-base ../../build/my_py_pkg build --build-base /home/novinnam/Desktop/ros2_jazzy_moveit_arm_sim/ros2_ws/build/my_py_pkg/build install --record /home/novinnam/Desktop/ros2_jazzy_moveit_arm_sim/ros2_ws/build/my_py_pkg/install.log --single-version-externally-managed install_data
[1.623s] running egg_info
[1.648s] writing ../../build/my_py_pkg/my_py_pkg.egg-info/PKG-INFO
[1.649s] writing dependency_links to ../../build/my_py_pkg/my_py_pkg.egg-info/dependency_links.txt
[1.649s] writing entry points to ../../build/my_py_pkg/my_py_pkg.egg-info/entry_points.txt
[1.649s] writing requirements to ../../build/my_py_pkg/my_py_pkg.egg-info/requires.txt
[1.649s] writing top-level names to ../../build/my_py_pkg/my_py_pkg.egg-info/top_level.txt
[1.699s] reading manifest file '../../build/my_py_pkg/my_py_pkg.egg-info/SOURCES.txt'
[1.700s] writing manifest file '../../build/my_py_pkg/my_py_pkg.egg-info/SOURCES.txt'
[1.701s] running build
[1.701s] running build_py
[1.701s] copying my_py_pkg/number_counter.py -> /home/novinnam/Desktop/ros2_jazzy_moveit_arm_sim/ros2_ws/build/my_py_pkg/build/lib/my_py_pkg
[1.701s] copying my_py_pkg/number_publisher.py -> /home/novinnam/Desktop/ros2_jazzy_moveit_arm_sim/ros2_ws/build/my_py_pkg/build/lib/my_py_pkg
[1.701s] running install
[1.709s] running install_lib
[1.734s] copying /home/novinnam/Desktop/ros2_jazzy_moveit_arm_sim/ros2_ws/build/my_py_pkg/build/lib/my_py_pkg/number_counter.py -> /home/novinnam/Desktop/ros2_jazzy_moveit_arm_sim/ros2_ws/install/my_py_pkg/lib/python3.12/site-packages/my_py_pkg
[1.734s] copying /home/novinnam/Desktop/ros2_jazzy_moveit_arm_sim/ros2_ws/build/my_py_pkg/build/lib/my_py_pkg/number_publisher.py -> /home/novinnam/Desktop/ros2_jazzy_moveit_arm_sim/ros2_ws/install/my_py_pkg/lib/python3.12/site-packages/my_py_pkg
[1.735s] byte-compiling /home/novinnam/Desktop/ros2_jazzy_moveit_arm_sim/ros2_ws/install/my_py_pkg/lib/python3.12/site-packages/my_py_pkg/number_counter.py to number_counter.cpython-312.pyc
[1.736s] byte-compiling /home/novinnam/Desktop/ros2_jazzy_moveit_arm_sim/ros2_ws/install/my_py_pkg/lib/python3.12/site-packages/my_py_pkg/number_publisher.py to number_publisher.cpython-312.pyc
[1.736s] running install_data
[1.736s] running install_egg_info
[1.763s] removing '/home/novinnam/Desktop/ros2_jazzy_moveit_arm_sim/ros2_ws/install/my_py_pkg/lib/python3.12/site-packages/my_py_pkg-0.0.0-py3.12.egg-info' (and everything under it)
[1.763s] Copying ../../build/my_py_pkg/my_py_pkg.egg-info to /home/novinnam/Desktop/ros2_jazzy_moveit_arm_sim/ros2_ws/install/my_py_pkg/lib/python3.12/site-packages/my_py_pkg-0.0.0-py3.12.egg-info
[1.764s] running install_scripts
[1.932s] Installing number_counter script to /home/novinnam/Desktop/ros2_jazzy_moveit_arm_sim/ros2_ws/install/my_py_pkg/lib/my_py_pkg
[1.932s] Installing number_publisher script to /home/novinnam/Desktop/ros2_jazzy_moveit_arm_sim/ros2_ws/install/my_py_pkg/lib/my_py_pkg
[1.932s] Installing py_node script to /home/novinnam/Desktop/ros2_jazzy_moveit_arm_sim/ros2_ws/install/my_py_pkg/lib/my_py_pkg
[1.932s] Installing robot_news_station script to /home/novinnam/Desktop/ros2_jazzy_moveit_arm_sim/ros2_ws/install/my_py_pkg/lib/my_py_pkg
[1.932s] Installing smartphone script to /home/novinnam/Desktop/ros2_jazzy_moveit_arm_sim/ros2_ws/install/my_py_pkg/lib/my_py_pkg
[1.933s] writing list of installed files to '/home/novinnam/Desktop/ros2_jazzy_moveit_arm_sim/ros2_ws/build/my_py_pkg/install.log'
[1.961s] Invoked command in '/home/novinnam/Desktop/ros2_jazzy_moveit_arm_sim/ros2_ws/src/my_py_pkg' returned '0': CONDA_PROMPT_MODIFIER=(base) DEBUGINFOD_URLS=https://debuginfod.ubuntu.com PYTHONPATH=/home/novinnam/Desktop/ros2_jazzy_moveit_arm_sim/ros2_ws/build/my_py_pkg/prefix_override:/usr/lib/python3/dist-packages/colcon_core/task/python/colcon_distutils_commands:/home/novinnam/Desktop/ros2_jazzy_moveit_arm_sim/ros2_ws/install/my_py_pkg/lib/python3.12/site-packages:${PYTHONPATH} /usr/bin/python3 -W ignore:setup.py install is deprecated -W ignore:easy_install command is deprecated setup.py egg_info --egg-base ../../build/my_py_pkg build --build-base /home/novinnam/Desktop/ros2_jazzy_moveit_arm_sim/ros2_ws/build/my_py_pkg/build install --record /home/novinnam/Desktop/ros2_jazzy_moveit_arm_sim/ros2_ws/build/my_py_pkg/install.log --single-version-externally-managed install_data
