[1.106s] Invoking command in '/home/novinnam/Desktop/ros2_jazzy_moveit_arm_sim/ros2_ws/build/my_py_pkg': CONDA_PROMPT_MODIFIER=(base) DEBUGINFOD_URLS=https://debuginfod.ubuntu.com PYTHONPATH=/home/novinnam/Desktop/ros2_jazzy_moveit_arm_sim/ros2_ws/build/my_py_pkg/prefix_override:/usr/lib/python3/dist-packages/colcon_core/task/python/colcon_distutils_commands:/home/novinnam/Desktop/ros2_jazzy_moveit_arm_sim/ros2_ws/install/my_py_pkg/lib/python3.12/site-packages:${PYTHONPATH} /usr/bin/python3 -W ignore:setup.py install is deprecated -W ignore:easy_install command is deprecated setup.py develop --editable --build-directory /home/novinnam/Desktop/ros2_jazzy_moveit_arm_sim/ros2_ws/build/my_py_pkg/build --no-deps symlink_data --force
[1.539s] running develop
[1.796s] running egg_info
[1.822s] writing my_py_pkg.egg-info/PKG-INFO
[1.823s] writing dependency_links to my_py_pkg.egg-info/dependency_links.txt
[1.823s] writing entry points to my_py_pkg.egg-info/entry_points.txt
[1.823s] writing requirements to my_py_pkg.egg-info/requires.txt
[1.823s] writing top-level names to my_py_pkg.egg-info/top_level.txt
[1.873s] reading manifest file 'my_py_pkg.egg-info/SOURCES.txt'
[1.874s] writing manifest file 'my_py_pkg.egg-info/SOURCES.txt'
[1.899s] running build_ext
[1.899s] Creating /home/novinnam/Desktop/ros2_jazzy_moveit_arm_sim/ros2_ws/install/my_py_pkg/lib/python3.12/site-packages/my-py-pkg.egg-link (link to .)
[1.900s] Installing add_two_ints_server script to /home/novinnam/Desktop/ros2_jazzy_moveit_arm_sim/ros2_ws/install/my_py_pkg/lib/my_py_pkg
[1.900s] Installing number_counter script to /home/novinnam/Desktop/ros2_jazzy_moveit_arm_sim/ros2_ws/install/my_py_pkg/lib/my_py_pkg
[1.900s] Installing number_publisher script to /home/novinnam/Desktop/ros2_jazzy_moveit_arm_sim/ros2_ws/install/my_py_pkg/lib/my_py_pkg
[1.901s] Installing py_node script to /home/novinnam/Desktop/ros2_jazzy_moveit_arm_sim/ros2_ws/install/my_py_pkg/lib/my_py_pkg
[1.901s] Installing robot_news_station script to /home/novinnam/Desktop/ros2_jazzy_moveit_arm_sim/ros2_ws/install/my_py_pkg/lib/my_py_pkg
[1.901s] Installing smartphone script to /home/novinnam/Desktop/ros2_jazzy_moveit_arm_sim/ros2_ws/install/my_py_pkg/lib/my_py_pkg
[1.901s] 
[1.901s] Installed /home/novinnam/Desktop/ros2_jazzy_moveit_arm_sim/ros2_ws/build/my_py_pkg
[1.902s] running symlink_data
[1.902s] symbolically linking /home/novinnam/Desktop/ros2_jazzy_moveit_arm_sim/ros2_ws/build/my_py_pkg/resource/my_py_pkg -> /home/novinnam/Desktop/ros2_jazzy_moveit_arm_sim/ros2_ws/install/my_py_pkg/share/ament_index/resource_index/packages
[1.902s] symbolically linking /home/novinnam/Desktop/ros2_jazzy_moveit_arm_sim/ros2_ws/build/my_py_pkg/package.xml -> /home/novinnam/Desktop/ros2_jazzy_moveit_arm_sim/ros2_ws/install/my_py_pkg/share/my_py_pkg
[1.936s] Invoked command in '/home/novinnam/Desktop/ros2_jazzy_moveit_arm_sim/ros2_ws/build/my_py_pkg' returned '0': CONDA_PROMPT_MODIFIER=(base) DEBUGINFOD_URLS=https://debuginfod.ubuntu.com PYTHONPATH=/home/novinnam/Desktop/ros2_jazzy_moveit_arm_sim/ros2_ws/build/my_py_pkg/prefix_override:/usr/lib/python3/dist-packages/colcon_core/task/python/colcon_distutils_commands:/home/novinnam/Desktop/ros2_jazzy_moveit_arm_sim/ros2_ws/install/my_py_pkg/lib/python3.12/site-packages:${PYTHONPATH} /usr/bin/python3 -W ignore:setup.py install is deprecated -W ignore:easy_install command is deprecated setup.py develop --editable --build-directory /home/novinnam/Desktop/ros2_jazzy_moveit_arm_sim/ros2_ws/build/my_py_pkg/build --no-deps symlink_data --force
