[0.133s] DEBUG:colcon:Command line arguments: ['/usr/bin/colcon', 'build']
[0.133s] DEBUG:colcon:Parsed command line arguments: Namespace(log_base=None, log_level=None, verb_name='build', build_base='build', install_base='install', merge_install=False, symlink_install=False, test_result_base=None, continue_on_error=False, executor='parallel', parallel_workers=8, event_handlers=None, ignore_user_meta=False, metas=['./colcon.meta'], base_paths=['.'], packages_ignore=None, packages_ignore_regex=None, paths=None, packages_up_to=None, packages_up_to_regex=None, packages_above=None, packages_above_and_dependencies=None, packages_above_depth=None, packages_select_by_dep=None, packages_skip_by_dep=None, packages_skip_up_to=None, packages_select_build_failed=False, packages_skip_build_finished=False, packages_select_test_failures=False, packages_skip_test_passed=False, packages_select=None, packages_skip=None, packages_select_regex=None, packages_skip_regex=None, packages_start=None, packages_end=None, allow_overriding=[], cmake_args=None, cmake_target=None, cmake_target_skip_unavailable=False, cmake_clean_cache=False, cmake_clean_first=False, cmake_force_configure=False, ament_cmake_args=None, catkin_cmake_args=None, catkin_skip_building_tests=False, mixin_files=None, mixin=None, verb_parser=<colcon_mixin.mixin.mixin_argument.MixinArgumentDecorator object at 0x72280e7b97f0>, verb_extension=<colcon_core.verb.build.BuildVerb object at 0x72280e7b95e0>, main=<bound method BuildVerb.main of <colcon_core.verb.build.BuildVerb object at 0x72280e7b95e0>>, mixin_verb=('build',))
[0.174s] Level 1:colcon.colcon_core.package_discovery:discover_packages(colcon_meta) check parameters
[0.175s] Level 1:colcon.colcon_core.package_discovery:discover_packages(recursive) check parameters
[0.175s] Level 1:colcon.colcon_core.package_discovery:discover_packages(ignore) check parameters
[0.175s] Level 1:colcon.colcon_core.package_discovery:discover_packages(path) check parameters
[0.175s] Level 1:colcon.colcon_core.package_discovery:discover_packages(colcon_meta) discover
[0.175s] Level 1:colcon.colcon_core.package_discovery:discover_packages(recursive) discover
[0.175s] INFO:colcon.colcon_core.package_discovery:Crawling recursively for packages in '/home/novinnam/Desktop/ros2_jazzy_moveit_arm_sim/ros2_ws'
[0.175s] Level 1:colcon.colcon_core.package_identification:_identify(.) by extensions ['ignore', 'ignore_ament_install']
[0.175s] Level 1:colcon.colcon_core.package_identification:_identify(.) by extension 'ignore'
[0.175s] Level 1:colcon.colcon_core.package_identification:_identify(.) by extension 'ignore_ament_install'
[0.175s] Level 1:colcon.colcon_core.package_identification:_identify(.) by extensions ['colcon_pkg']
[0.175s] Level 1:colcon.colcon_core.package_identification:_identify(.) by extension 'colcon_pkg'
[0.175s] Level 1:colcon.colcon_core.package_identification:_identify(.) by extensions ['colcon_meta']
[0.175s] Level 1:colcon.colcon_core.package_identification:_identify(.) by extension 'colcon_meta'
[0.175s] Level 1:colcon.colcon_core.package_identification:_identify(.) by extensions ['ros']
[0.175s] Level 1:colcon.colcon_core.package_identification:_identify(.) by extension 'ros'
[0.202s] Level 1:colcon.colcon_core.package_identification:_identify(.) by extensions ['cmake', 'python']
[0.202s] Level 1:colcon.colcon_core.package_identification:_identify(.) by extension 'cmake'
[0.202s] Level 1:colcon.colcon_core.package_identification:_identify(.) by extension 'python'
[0.202s] Level 1:colcon.colcon_core.package_identification:_identify(.) by extensions ['python_setup_py']
[0.202s] Level 1:colcon.colcon_core.package_identification:_identify(.) by extension 'python_setup_py'
[0.203s] Level 1:colcon.colcon_core.package_identification:_identify(build) by extensions ['ignore', 'ignore_ament_install']
[0.203s] Level 1:colcon.colcon_core.package_identification:_identify(build) by extension 'ignore'
[0.203s] Level 1:colcon.colcon_core.package_identification:_identify(build) ignored
[0.203s] Level 1:colcon.colcon_core.package_identification:_identify(install) by extensions ['ignore', 'ignore_ament_install']
[0.203s] Level 1:colcon.colcon_core.package_identification:_identify(install) by extension 'ignore'
[0.203s] Level 1:colcon.colcon_core.package_identification:_identify(install) ignored
[0.203s] Level 1:colcon.colcon_core.package_identification:_identify(log) by extensions ['ignore', 'ignore_ament_install']
[0.203s] Level 1:colcon.colcon_core.package_identification:_identify(log) by extension 'ignore'
[0.203s] Level 1:colcon.colcon_core.package_identification:_identify(log) ignored
[0.203s] Level 1:colcon.colcon_core.package_identification:_identify(src) by extensions ['ignore', 'ignore_ament_install']
[0.203s] Level 1:colcon.colcon_core.package_identification:_identify(src) by extension 'ignore'
[0.203s] Level 1:colcon.colcon_core.package_identification:_identify(src) by extension 'ignore_ament_install'
[0.203s] Level 1:colcon.colcon_core.package_identification:_identify(src) by extensions ['colcon_pkg']
[0.203s] Level 1:colcon.colcon_core.package_identification:_identify(src) by extension 'colcon_pkg'
[0.204s] Level 1:colcon.colcon_core.package_identification:_identify(src) by extensions ['colcon_meta']
[0.204s] Level 1:colcon.colcon_core.package_identification:_identify(src) by extension 'colcon_meta'
[0.204s] Level 1:colcon.colcon_core.package_identification:_identify(src) by extensions ['ros']
[0.204s] Level 1:colcon.colcon_core.package_identification:_identify(src) by extension 'ros'
[0.204s] Level 1:colcon.colcon_core.package_identification:_identify(src) by extensions ['cmake', 'python']
[0.204s] Level 1:colcon.colcon_core.package_identification:_identify(src) by extension 'cmake'
[0.204s] Level 1:colcon.colcon_core.package_identification:_identify(src) by extension 'python'
[0.204s] Level 1:colcon.colcon_core.package_identification:_identify(src) by extensions ['python_setup_py']
[0.204s] Level 1:colcon.colcon_core.package_identification:_identify(src) by extension 'python_setup_py'
[0.204s] Level 1:colcon.colcon_core.package_identification:_identify(src/my_py-pkg) by extensions ['ignore', 'ignore_ament_install']
[0.204s] Level 1:colcon.colcon_core.package_identification:_identify(src/my_py-pkg) by extension 'ignore'
[0.204s] Level 1:colcon.colcon_core.package_identification:_identify(src/my_py-pkg) by extension 'ignore_ament_install'
[0.204s] Level 1:colcon.colcon_core.package_identification:_identify(src/my_py-pkg) by extensions ['colcon_pkg']
[0.204s] Level 1:colcon.colcon_core.package_identification:_identify(src/my_py-pkg) by extension 'colcon_pkg'
[0.204s] Level 1:colcon.colcon_core.package_identification:_identify(src/my_py-pkg) by extensions ['colcon_meta']
[0.204s] Level 1:colcon.colcon_core.package_identification:_identify(src/my_py-pkg) by extension 'colcon_meta'
[0.204s] Level 1:colcon.colcon_core.package_identification:_identify(src/my_py-pkg) by extensions ['ros']
[0.204s] Level 1:colcon.colcon_core.package_identification:_identify(src/my_py-pkg) by extension 'ros'
[0.214s] DEBUG:colcon.colcon_core.package_identification:Package 'src/my_py-pkg' with type 'ros.ament_python' and name 'my_py-pkg'
[0.214s] Level 1:colcon.colcon_core.package_discovery:discover_packages(recursive) using defaults
[0.214s] Level 1:colcon.colcon_core.package_discovery:discover_packages(ignore) discover
[0.214s] Level 1:colcon.colcon_core.package_discovery:discover_packages(ignore) using defaults
[0.214s] Level 1:colcon.colcon_core.package_discovery:discover_packages(path) discover
[0.214s] Level 1:colcon.colcon_core.package_discovery:discover_packages(path) using defaults
[0.232s] Level 1:colcon.colcon_core.package_discovery:discover_packages(prefix_path) check parameters
[0.232s] Level 1:colcon.colcon_core.package_discovery:discover_packages(prefix_path) discover
[0.237s] DEBUG:colcon.colcon_installed_package_information.package_discovery:Found 0 installed packages in /home/novinnam/Desktop/ros2_jazzy_moveit_arm_sim/ros2_ws/install
[0.239s] DEBUG:colcon.colcon_installed_package_information.package_discovery:Found 70 installed packages in /home/novinnam/ws_moveit/install
[0.242s] DEBUG:colcon.colcon_installed_package_information.package_discovery:Found 373 installed packages in /opt/ros/jazzy
[0.243s] Level 1:colcon.colcon_core.package_discovery:discover_packages(prefix_path) using defaults
[0.310s] Level 5:colcon.colcon_core.verb:set package 'my_py-pkg' build argument 'cmake_args' from command line to 'None'
[0.310s] Level 5:colcon.colcon_core.verb:set package 'my_py-pkg' build argument 'cmake_target' from command line to 'None'
[0.310s] Level 5:colcon.colcon_core.verb:set package 'my_py-pkg' build argument 'cmake_target_skip_unavailable' from command line to 'False'
[0.310s] Level 5:colcon.colcon_core.verb:set package 'my_py-pkg' build argument 'cmake_clean_cache' from command line to 'False'
[0.310s] Level 5:colcon.colcon_core.verb:set package 'my_py-pkg' build argument 'cmake_clean_first' from command line to 'False'
[0.310s] Level 5:colcon.colcon_core.verb:set package 'my_py-pkg' build argument 'cmake_force_configure' from command line to 'False'
[0.310s] Level 5:colcon.colcon_core.verb:set package 'my_py-pkg' build argument 'ament_cmake_args' from command line to 'None'
[0.310s] Level 5:colcon.colcon_core.verb:set package 'my_py-pkg' build argument 'catkin_cmake_args' from command line to 'None'
[0.310s] Level 5:colcon.colcon_core.verb:set package 'my_py-pkg' build argument 'catkin_skip_building_tests' from command line to 'False'
[0.310s] DEBUG:colcon.colcon_core.verb:Building package 'my_py-pkg' with the following arguments: {'ament_cmake_args': None, 'build_base': '/home/novinnam/Desktop/ros2_jazzy_moveit_arm_sim/ros2_ws/build/my_py-pkg', 'catkin_cmake_args': None, 'catkin_skip_building_tests': False, 'cmake_args': None, 'cmake_clean_cache': False, 'cmake_clean_first': False, 'cmake_force_configure': False, 'cmake_target': None, 'cmake_target_skip_unavailable': False, 'install_base': '/home/novinnam/Desktop/ros2_jazzy_moveit_arm_sim/ros2_ws/install/my_py-pkg', 'merge_install': False, 'path': '/home/novinnam/Desktop/ros2_jazzy_moveit_arm_sim/ros2_ws/src/my_py-pkg', 'symlink_install': False, 'test_result_base': None}
[0.310s] INFO:colcon.colcon_core.executor:Executing jobs using 'parallel' executor
[0.311s] DEBUG:colcon.colcon_parallel_executor.executor.parallel:run_until_complete
[0.311s] INFO:colcon.colcon_ros.task.ament_python.build:Building ROS package in '/home/novinnam/Desktop/ros2_jazzy_moveit_arm_sim/ros2_ws/src/my_py-pkg' with build type 'ament_python'
[0.311s] Level 1:colcon.colcon_core.shell:create_environment_hook('my_py-pkg', 'ament_prefix_path')
[0.314s] INFO:colcon.colcon_core.plugin_system:Skipping extension 'colcon_core.shell.bat': Not used on non-Windows systems
[0.314s] INFO:colcon.colcon_core.shell:Creating environment hook '/home/novinnam/Desktop/ros2_jazzy_moveit_arm_sim/ros2_ws/install/my_py-pkg/share/my_py-pkg/hook/ament_prefix_path.ps1'
[0.320s] INFO:colcon.colcon_core.shell:Creating environment descriptor '/home/novinnam/Desktop/ros2_jazzy_moveit_arm_sim/ros2_ws/install/my_py-pkg/share/my_py-pkg/hook/ament_prefix_path.dsv'
[0.321s] INFO:colcon.colcon_core.shell:Creating environment hook '/home/novinnam/Desktop/ros2_jazzy_moveit_arm_sim/ros2_ws/install/my_py-pkg/share/my_py-pkg/hook/ament_prefix_path.sh'
[0.322s] INFO:colcon.colcon_core.shell:Skip shell extension 'powershell' for command environment: Not usable outside of PowerShell
[0.323s] DEBUG:colcon.colcon_core.shell:Skip shell extension 'dsv' for command environment
[0.587s] INFO:colcon.colcon_core.task.python.build:Building Python package in '/home/novinnam/Desktop/ros2_jazzy_moveit_arm_sim/ros2_ws/src/my_py-pkg'
[0.588s] INFO:colcon.colcon_core.shell:Skip shell extension 'powershell' for command environment: Not usable outside of PowerShell
[0.588s] DEBUG:colcon.colcon_core.shell:Skip shell extension 'dsv' for command environment
[1.531s] DEBUG:colcon.colcon_core.event_handler.log_command:Invoking command in '/home/novinnam/Desktop/ros2_jazzy_moveit_arm_sim/ros2_ws/src/my_py-pkg': CONDA_PROMPT_MODIFIER=(base) DEBUGINFOD_URLS=https://debuginfod.ubuntu.com PYTHONPATH=/home/novinnam/Desktop/ros2_jazzy_moveit_arm_sim/ros2_ws/build/my_py-pkg/prefix_override:/usr/lib/python3/dist-packages/colcon_core/task/python/colcon_distutils_commands:/home/novinnam/Desktop/ros2_jazzy_moveit_arm_sim/ros2_ws/install/my_py-pkg/lib/python3.12/site-packages:${PYTHONPATH} /usr/bin/python3 -W ignore:setup.py install is deprecated -W ignore:easy_install command is deprecated setup.py egg_info --egg-base ../../build/my_py-pkg build --build-base /home/novinnam/Desktop/ros2_jazzy_moveit_arm_sim/ros2_ws/build/my_py-pkg/build install --record /home/novinnam/Desktop/ros2_jazzy_moveit_arm_sim/ros2_ws/build/my_py-pkg/install.log --single-version-externally-managed install_data
[2.206s] DEBUG:colcon.colcon_core.event_handler.log_command:Invoked command in '/home/novinnam/Desktop/ros2_jazzy_moveit_arm_sim/ros2_ws/src/my_py-pkg' returned '0': CONDA_PROMPT_MODIFIER=(base) DEBUGINFOD_URLS=https://debuginfod.ubuntu.com PYTHONPATH=/home/novinnam/Desktop/ros2_jazzy_moveit_arm_sim/ros2_ws/build/my_py-pkg/prefix_override:/usr/lib/python3/dist-packages/colcon_core/task/python/colcon_distutils_commands:/home/novinnam/Desktop/ros2_jazzy_moveit_arm_sim/ros2_ws/install/my_py-pkg/lib/python3.12/site-packages:${PYTHONPATH} /usr/bin/python3 -W ignore:setup.py install is deprecated -W ignore:easy_install command is deprecated setup.py egg_info --egg-base ../../build/my_py-pkg build --build-base /home/novinnam/Desktop/ros2_jazzy_moveit_arm_sim/ros2_ws/build/my_py-pkg/build install --record /home/novinnam/Desktop/ros2_jazzy_moveit_arm_sim/ros2_ws/build/my_py-pkg/install.log --single-version-externally-managed install_data
[2.220s] Level 1:colcon.colcon_core.environment:checking '/home/novinnam/Desktop/ros2_jazzy_moveit_arm_sim/ros2_ws/install/my_py-pkg' for CMake module files
[2.220s] Level 1:colcon.colcon_core.environment:checking '/home/novinnam/Desktop/ros2_jazzy_moveit_arm_sim/ros2_ws/install/my_py-pkg' for CMake config files
[2.221s] Level 1:colcon.colcon_core.environment:checking '/home/novinnam/Desktop/ros2_jazzy_moveit_arm_sim/ros2_ws/install/my_py-pkg/lib'
[2.221s] Level 1:colcon.colcon_core.environment:checking '/home/novinnam/Desktop/ros2_jazzy_moveit_arm_sim/ros2_ws/install/my_py-pkg/bin'
[2.221s] Level 1:colcon.colcon_core.environment:checking '/home/novinnam/Desktop/ros2_jazzy_moveit_arm_sim/ros2_ws/install/my_py-pkg/lib/pkgconfig/my_py-pkg.pc'
[2.221s] Level 1:colcon.colcon_core.environment:checking '/home/novinnam/Desktop/ros2_jazzy_moveit_arm_sim/ros2_ws/install/my_py-pkg/lib/python3.12/site-packages'
[2.222s] Level 1:colcon.colcon_core.shell:create_environment_hook('my_py-pkg', 'pythonpath')
[2.222s] INFO:colcon.colcon_core.shell:Creating environment hook '/home/novinnam/Desktop/ros2_jazzy_moveit_arm_sim/ros2_ws/install/my_py-pkg/share/my_py-pkg/hook/pythonpath.ps1'
[2.222s] INFO:colcon.colcon_core.shell:Creating environment descriptor '/home/novinnam/Desktop/ros2_jazzy_moveit_arm_sim/ros2_ws/install/my_py-pkg/share/my_py-pkg/hook/pythonpath.dsv'
[2.222s] INFO:colcon.colcon_core.shell:Creating environment hook '/home/novinnam/Desktop/ros2_jazzy_moveit_arm_sim/ros2_ws/install/my_py-pkg/share/my_py-pkg/hook/pythonpath.sh'
[2.223s] Level 1:colcon.colcon_core.environment:checking '/home/novinnam/Desktop/ros2_jazzy_moveit_arm_sim/ros2_ws/install/my_py-pkg/bin'
[2.223s] Level 1:colcon.colcon_core.environment:create_environment_scripts_only(my_py-pkg)
[2.223s] INFO:colcon.colcon_core.shell:Creating package script '/home/novinnam/Desktop/ros2_jazzy_moveit_arm_sim/ros2_ws/install/my_py-pkg/share/my_py-pkg/package.ps1'
[2.225s] INFO:colcon.colcon_core.shell:Creating package descriptor '/home/novinnam/Desktop/ros2_jazzy_moveit_arm_sim/ros2_ws/install/my_py-pkg/share/my_py-pkg/package.dsv'
[2.226s] INFO:colcon.colcon_core.shell:Creating package script '/home/novinnam/Desktop/ros2_jazzy_moveit_arm_sim/ros2_ws/install/my_py-pkg/share/my_py-pkg/package.sh'
[2.226s] INFO:colcon.colcon_core.shell:Creating package script '/home/novinnam/Desktop/ros2_jazzy_moveit_arm_sim/ros2_ws/install/my_py-pkg/share/my_py-pkg/package.bash'
[2.228s] INFO:colcon.colcon_core.shell:Creating package script '/home/novinnam/Desktop/ros2_jazzy_moveit_arm_sim/ros2_ws/install/my_py-pkg/share/my_py-pkg/package.zsh'
[2.229s] Level 1:colcon.colcon_core.environment:create_file_with_runtime_dependencies(/home/novinnam/Desktop/ros2_jazzy_moveit_arm_sim/ros2_ws/install/my_py-pkg/share/colcon-core/packages/my_py-pkg)
[2.229s] DEBUG:colcon.colcon_parallel_executor.executor.parallel:closing loop
[2.229s] DEBUG:colcon.colcon_parallel_executor.executor.parallel:loop closed
[2.229s] DEBUG:colcon.colcon_parallel_executor.executor.parallel:run_until_complete finished with '0'
[2.229s] DEBUG:colcon.colcon_core.event_reactor:joining thread
[2.235s] INFO:colcon.colcon_core.plugin_system:Skipping extension 'colcon_notification.desktop_notification.terminal_notifier': Not used on non-Darwin systems
[2.235s] INFO:colcon.colcon_core.plugin_system:Skipping extension 'colcon_notification.desktop_notification.win32': Not used on non-Windows systems
[2.235s] INFO:colcon.colcon_notification.desktop_notification:Sending desktop notification using 'notify2'
[2.249s] DEBUG:colcon.colcon_core.event_reactor:joined thread
[2.249s] INFO:colcon.colcon_core.shell:Creating prefix script '/home/novinnam/Desktop/ros2_jazzy_moveit_arm_sim/ros2_ws/install/local_setup.ps1'
[2.250s] INFO:colcon.colcon_core.shell:Creating prefix util module '/home/novinnam/Desktop/ros2_jazzy_moveit_arm_sim/ros2_ws/install/_local_setup_util_ps1.py'
[2.251s] INFO:colcon.colcon_core.shell:Creating prefix chain script '/home/novinnam/Desktop/ros2_jazzy_moveit_arm_sim/ros2_ws/install/setup.ps1'
[2.255s] INFO:colcon.colcon_core.shell:Creating prefix script '/home/novinnam/Desktop/ros2_jazzy_moveit_arm_sim/ros2_ws/install/local_setup.sh'
[2.255s] INFO:colcon.colcon_core.shell:Creating prefix util module '/home/novinnam/Desktop/ros2_jazzy_moveit_arm_sim/ros2_ws/install/_local_setup_util_sh.py'
[2.256s] INFO:colcon.colcon_core.shell:Creating prefix chain script '/home/novinnam/Desktop/ros2_jazzy_moveit_arm_sim/ros2_ws/install/setup.sh'
[2.260s] INFO:colcon.colcon_core.shell:Creating prefix script '/home/novinnam/Desktop/ros2_jazzy_moveit_arm_sim/ros2_ws/install/local_setup.bash'
[2.261s] INFO:colcon.colcon_core.shell:Creating prefix chain script '/home/novinnam/Desktop/ros2_jazzy_moveit_arm_sim/ros2_ws/install/setup.bash'
[2.265s] INFO:colcon.colcon_core.shell:Creating prefix script '/home/novinnam/Desktop/ros2_jazzy_moveit_arm_sim/ros2_ws/install/local_setup.zsh'
[2.265s] INFO:colcon.colcon_core.shell:Creating prefix chain script '/home/novinnam/Desktop/ros2_jazzy_moveit_arm_sim/ros2_ws/install/setup.zsh'
