[1.002s] Invoking command in '/home/novinnam/Desktop/ros2_jazzy_moveit_arm_sim/ros2_ws/build/my_py_pkg': CONDA_PROMPT_MODIFIER=(base) DEBUGINFOD_URLS=https://debuginfod.ubuntu.com PYTHONPATH=/home/novinnam/Desktop/ros2_jazzy_moveit_arm_sim/ros2_ws/build/my_py_pkg/prefix_override:/usr/lib/python3/dist-packages/colcon_core/task/python/colcon_distutils_commands:/home/novinnam/Desktop/ros2_jazzy_moveit_arm_sim/ros2_ws/install/my_py_pkg/lib/python3.12/site-packages:${PYTHONPATH} /usr/bin/python3 -W ignore:setup.py install is deprecated -W ignore:easy_install command is deprecated setup.py develop --uninstall --editable --build-directory /home/novinnam/Desktop/ros2_jazzy_moveit_arm_sim/ros2_ws/build/my_py_pkg/build
[1.375s] running develop
[1.641s] Removing /home/novinnam/Desktop/ros2_jazzy_moveit_arm_sim/ros2_ws/install/my_py_pkg/lib/python3.12/site-packages/my-py-pkg.egg-link (link to .)
[1.673s] Invoked command in '/home/novinnam/Desktop/ros2_jazzy_moveit_arm_sim/ros2_ws/build/my_py_pkg' returned '0': CONDA_PROMPT_MODIFIER=(base) DEBUGINFOD_URLS=https://debuginfod.ubuntu.com PYTHONPATH=/home/novinnam/Desktop/ros2_jazzy_moveit_arm_sim/ros2_ws/build/my_py_pkg/prefix_override:/usr/lib/python3/dist-packages/colcon_core/task/python/colcon_distutils_commands:/home/novinnam/Desktop/ros2_jazzy_moveit_arm_sim/ros2_ws/install/my_py_pkg/lib/python3.12/site-packages:${PYTHONPATH} /usr/bin/python3 -W ignore:setup.py install is deprecated -W ignore:easy_install command is deprecated setup.py develop --uninstall --editable --build-directory /home/novinnam/Desktop/ros2_jazzy_moveit_arm_sim/ros2_ws/build/my_py_pkg/build
[1.675s] Invoking command in '/home/novinnam/Desktop/ros2_jazzy_moveit_arm_sim/ros2_ws/src/my_py_pkg': CONDA_PROMPT_MODIFIER=(base) DEBUGINFOD_URLS=https://debuginfod.ubuntu.com PYTHONPATH=/home/novinnam/Desktop/ros2_jazzy_moveit_arm_sim/ros2_ws/build/my_py_pkg/prefix_override:/usr/lib/python3/dist-packages/colcon_core/task/python/colcon_distutils_commands:/home/novinnam/Desktop/ros2_jazzy_moveit_arm_sim/ros2_ws/install/my_py_pkg/lib/python3.12/site-packages:${PYTHONPATH} /usr/bin/python3 -W ignore:setup.py install is deprecated -W ignore:easy_install command is deprecated setup.py egg_info --egg-base ../../build/my_py_pkg build --build-base /home/novinnam/Desktop/ros2_jazzy_moveit_arm_sim/ros2_ws/build/my_py_pkg/build install --record /home/novinnam/Desktop/ros2_jazzy_moveit_arm_sim/ros2_ws/build/my_py_pkg/install.log --single-version-externally-managed install_data --force
[2.006s] running egg_info
[2.032s] writing ../../build/my_py_pkg/my_py_pkg.egg-info/PKG-INFO
[2.033s] writing dependency_links to ../../build/my_py_pkg/my_py_pkg.egg-info/dependency_links.txt
[2.033s] writing entry points to ../../build/my_py_pkg/my_py_pkg.egg-info/entry_points.txt
[2.033s] writing requirements to ../../build/my_py_pkg/my_py_pkg.egg-info/requires.txt
[2.033s] writing top-level names to ../../build/my_py_pkg/my_py_pkg.egg-info/top_level.txt
[2.086s] reading manifest file '../../build/my_py_pkg/my_py_pkg.egg-info/SOURCES.txt'
[2.087s] writing manifest file '../../build/my_py_pkg/my_py_pkg.egg-info/SOURCES.txt'
[2.087s] running build
[2.087s] running build_py
[2.087s] creating /home/novinnam/Desktop/ros2_jazzy_moveit_arm_sim/ros2_ws/build/my_py_pkg/build
[2.087s] creating /home/novinnam/Desktop/ros2_jazzy_moveit_arm_sim/ros2_ws/build/my_py_pkg/build/lib
[2.088s] creating /home/novinnam/Desktop/ros2_jazzy_moveit_arm_sim/ros2_ws/build/my_py_pkg/build/lib/my_py_pkg
[2.088s] copying my_py_pkg/my_first_node.py -> /home/novinnam/Desktop/ros2_jazzy_moveit_arm_sim/ros2_ws/build/my_py_pkg/build/lib/my_py_pkg
[2.088s] copying my_py_pkg/number_counter.py -> /home/novinnam/Desktop/ros2_jazzy_moveit_arm_sim/ros2_ws/build/my_py_pkg/build/lib/my_py_pkg
[2.088s] copying my_py_pkg/number_publisher.py -> /home/novinnam/Desktop/ros2_jazzy_moveit_arm_sim/ros2_ws/build/my_py_pkg/build/lib/my_py_pkg
[2.088s] copying my_py_pkg/__init__.py -> /home/novinnam/Desktop/ros2_jazzy_moveit_arm_sim/ros2_ws/build/my_py_pkg/build/lib/my_py_pkg
[2.088s] copying my_py_pkg/smartphone.py -> /home/novinnam/Desktop/ros2_jazzy_moveit_arm_sim/ros2_ws/build/my_py_pkg/build/lib/my_py_pkg
[2.089s] copying my_py_pkg/robot_news_station.py -> /home/novinnam/Desktop/ros2_jazzy_moveit_arm_sim/ros2_ws/build/my_py_pkg/build/lib/my_py_pkg
[2.089s] copying my_py_pkg/template_python_node.py -> /home/novinnam/Desktop/ros2_jazzy_moveit_arm_sim/ros2_ws/build/my_py_pkg/build/lib/my_py_pkg
[2.089s] running install
[2.097s] running install_lib
[2.123s] creating /home/novinnam/Desktop/ros2_jazzy_moveit_arm_sim/ros2_ws/install/my_py_pkg/lib/python3.12/site-packages/my_py_pkg
[2.123s] copying /home/novinnam/Desktop/ros2_jazzy_moveit_arm_sim/ros2_ws/build/my_py_pkg/build/lib/my_py_pkg/my_first_node.py -> /home/novinnam/Desktop/ros2_jazzy_moveit_arm_sim/ros2_ws/install/my_py_pkg/lib/python3.12/site-packages/my_py_pkg
[2.123s] copying /home/novinnam/Desktop/ros2_jazzy_moveit_arm_sim/ros2_ws/build/my_py_pkg/build/lib/my_py_pkg/number_counter.py -> /home/novinnam/Desktop/ros2_jazzy_moveit_arm_sim/ros2_ws/install/my_py_pkg/lib/python3.12/site-packages/my_py_pkg
[2.124s] copying /home/novinnam/Desktop/ros2_jazzy_moveit_arm_sim/ros2_ws/build/my_py_pkg/build/lib/my_py_pkg/number_publisher.py -> /home/novinnam/Desktop/ros2_jazzy_moveit_arm_sim/ros2_ws/install/my_py_pkg/lib/python3.12/site-packages/my_py_pkg
[2.124s] copying /home/novinnam/Desktop/ros2_jazzy_moveit_arm_sim/ros2_ws/build/my_py_pkg/build/lib/my_py_pkg/__init__.py -> /home/novinnam/Desktop/ros2_jazzy_moveit_arm_sim/ros2_ws/install/my_py_pkg/lib/python3.12/site-packages/my_py_pkg
[2.124s] copying /home/novinnam/Desktop/ros2_jazzy_moveit_arm_sim/ros2_ws/build/my_py_pkg/build/lib/my_py_pkg/smartphone.py -> /home/novinnam/Desktop/ros2_jazzy_moveit_arm_sim/ros2_ws/install/my_py_pkg/lib/python3.12/site-packages/my_py_pkg
[2.124s] copying /home/novinnam/Desktop/ros2_jazzy_moveit_arm_sim/ros2_ws/build/my_py_pkg/build/lib/my_py_pkg/robot_news_station.py -> /home/novinnam/Desktop/ros2_jazzy_moveit_arm_sim/ros2_ws/install/my_py_pkg/lib/python3.12/site-packages/my_py_pkg
[2.124s] copying /home/novinnam/Desktop/ros2_jazzy_moveit_arm_sim/ros2_ws/build/my_py_pkg/build/lib/my_py_pkg/template_python_node.py -> /home/novinnam/Desktop/ros2_jazzy_moveit_arm_sim/ros2_ws/install/my_py_pkg/lib/python3.12/site-packages/my_py_pkg
[2.125s] byte-compiling /home/novinnam/Desktop/ros2_jazzy_moveit_arm_sim/ros2_ws/install/my_py_pkg/lib/python3.12/site-packages/my_py_pkg/my_first_node.py to my_first_node.cpython-312.pyc
[2.126s] byte-compiling /home/novinnam/Desktop/ros2_jazzy_moveit_arm_sim/ros2_ws/install/my_py_pkg/lib/python3.12/site-packages/my_py_pkg/number_counter.py to number_counter.cpython-312.pyc
[2.126s] byte-compiling /home/novinnam/Desktop/ros2_jazzy_moveit_arm_sim/ros2_ws/install/my_py_pkg/lib/python3.12/site-packages/my_py_pkg/number_publisher.py to number_publisher.cpython-312.pyc
[2.127s] byte-compiling /home/novinnam/Desktop/ros2_jazzy_moveit_arm_sim/ros2_ws/install/my_py_pkg/lib/python3.12/site-packages/my_py_pkg/__init__.py to __init__.cpython-312.pyc
[2.127s] byte-compiling /home/novinnam/Desktop/ros2_jazzy_moveit_arm_sim/ros2_ws/install/my_py_pkg/lib/python3.12/site-packages/my_py_pkg/smartphone.py to smartphone.cpython-312.pyc
[2.129s] byte-compiling /home/novinnam/Desktop/ros2_jazzy_moveit_arm_sim/ros2_ws/install/my_py_pkg/lib/python3.12/site-packages/my_py_pkg/robot_news_station.py to robot_news_station.cpython-312.pyc
[2.130s] byte-compiling /home/novinnam/Desktop/ros2_jazzy_moveit_arm_sim/ros2_ws/install/my_py_pkg/lib/python3.12/site-packages/my_py_pkg/template_python_node.py to template_python_node.cpython-312.pyc
[2.130s] running install_data
[2.130s] copying resource/my_py_pkg -> /home/novinnam/Desktop/ros2_jazzy_moveit_arm_sim/ros2_ws/install/my_py_pkg/share/ament_index/resource_index/packages
[2.130s] copying package.xml -> /home/novinnam/Desktop/ros2_jazzy_moveit_arm_sim/ros2_ws/install/my_py_pkg/share/my_py_pkg
[2.131s] running install_egg_info
[2.158s] Copying ../../build/my_py_pkg/my_py_pkg.egg-info to /home/novinnam/Desktop/ros2_jazzy_moveit_arm_sim/ros2_ws/install/my_py_pkg/lib/python3.12/site-packages/my_py_pkg-0.0.0-py3.12.egg-info
[2.160s] running install_scripts
[2.328s] Installing number_counter script to /home/novinnam/Desktop/ros2_jazzy_moveit_arm_sim/ros2_ws/install/my_py_pkg/lib/my_py_pkg
[2.328s] Installing number_publisher script to /home/novinnam/Desktop/ros2_jazzy_moveit_arm_sim/ros2_ws/install/my_py_pkg/lib/my_py_pkg
[2.329s] Installing py_node script to /home/novinnam/Desktop/ros2_jazzy_moveit_arm_sim/ros2_ws/install/my_py_pkg/lib/my_py_pkg
[2.329s] Installing robot_news_station script to /home/novinnam/Desktop/ros2_jazzy_moveit_arm_sim/ros2_ws/install/my_py_pkg/lib/my_py_pkg
[2.329s] Installing smartphone script to /home/novinnam/Desktop/ros2_jazzy_moveit_arm_sim/ros2_ws/install/my_py_pkg/lib/my_py_pkg
[2.329s] writing list of installed files to '/home/novinnam/Desktop/ros2_jazzy_moveit_arm_sim/ros2_ws/build/my_py_pkg/install.log'
[2.359s] Invoked command in '/home/novinnam/Desktop/ros2_jazzy_moveit_arm_sim/ros2_ws/src/my_py_pkg' returned '0': CONDA_PROMPT_MODIFIER=(base) DEBUGINFOD_URLS=https://debuginfod.ubuntu.com PYTHONPATH=/home/novinnam/Desktop/ros2_jazzy_moveit_arm_sim/ros2_ws/build/my_py_pkg/prefix_override:/usr/lib/python3/dist-packages/colcon_core/task/python/colcon_distutils_commands:/home/novinnam/Desktop/ros2_jazzy_moveit_arm_sim/ros2_ws/install/my_py_pkg/lib/python3.12/site-packages:${PYTHONPATH} /usr/bin/python3 -W ignore:setup.py install is deprecated -W ignore:easy_install command is deprecated setup.py egg_info --egg-base ../../build/my_py_pkg build --build-base /home/novinnam/Desktop/ros2_jazzy_moveit_arm_sim/ros2_ws/build/my_py_pkg/build install --record /home/novinnam/Desktop/ros2_jazzy_moveit_arm_sim/ros2_ws/build/my_py_pkg/install.log --single-version-externally-managed install_data --force
