running egg_info
creating ../../build/my_py-pkg/my_py_pkg.egg-info
writing ../../build/my_py-pkg/my_py_pkg.egg-info/PKG-INFO
writing dependency_links to ../../build/my_py-pkg/my_py_pkg.egg-info/dependency_links.txt
writing requirements to ../../build/my_py-pkg/my_py_pkg.egg-info/requires.txt
writing top-level names to ../../build/my_py-pkg/my_py_pkg.egg-info/top_level.txt
writing manifest file '../../build/my_py-pkg/my_py_pkg.egg-info/SOURCES.txt'
reading manifest file '../../build/my_py-pkg/my_py_pkg.egg-info/SOURCES.txt'
writing manifest file '../../build/my_py-pkg/my_py_pkg.egg-info/SOURCES.txt'
running build
running build_py
creating /home/novinnam/Desktop/ros2_jazzy_moveit_arm_sim/ros2_ws/build/my_py-pkg/build
creating /home/novinnam/Desktop/ros2_jazzy_moveit_arm_sim/ros2_ws/build/my_py-pkg/build/lib
creating /home/novinnam/Desktop/ros2_jazzy_moveit_arm_sim/ros2_ws/build/my_py-pkg/build/lib/my_py-pkg
copying my_py-pkg/__init__.py -> /home/novinnam/Desktop/ros2_jazzy_moveit_arm_sim/ros2_ws/build/my_py-pkg/build/lib/my_py-pkg
running install
running install_lib
creating /home/novinnam/Desktop/ros2_jazzy_moveit_arm_sim/ros2_ws/install/my_py-pkg/lib/python3.12/site-packages/my_py-pkg
copying /home/novinnam/Desktop/ros2_jazzy_moveit_arm_sim/ros2_ws/build/my_py-pkg/build/lib/my_py-pkg/__init__.py -> /home/novinnam/Desktop/ros2_jazzy_moveit_arm_sim/ros2_ws/install/my_py-pkg/lib/python3.12/site-packages/my_py-pkg
byte-compiling /home/novinnam/Desktop/ros2_jazzy_moveit_arm_sim/ros2_ws/install/my_py-pkg/lib/python3.12/site-packages/my_py-pkg/__init__.py to __init__.cpython-312.pyc
running install_data
creating /home/novinnam/Desktop/ros2_jazzy_moveit_arm_sim/ros2_ws/install/my_py-pkg/share/ament_index
creating /home/novinnam/Desktop/ros2_jazzy_moveit_arm_sim/ros2_ws/install/my_py-pkg/share/ament_index/resource_index
creating /home/novinnam/Desktop/ros2_jazzy_moveit_arm_sim/ros2_ws/install/my_py-pkg/share/ament_index/resource_index/packages
copying resource/my_py-pkg -> /home/novinnam/Desktop/ros2_jazzy_moveit_arm_sim/ros2_ws/install/my_py-pkg/share/ament_index/resource_index/packages
copying package.xml -> /home/novinnam/Desktop/ros2_jazzy_moveit_arm_sim/ros2_ws/install/my_py-pkg/share/my_py-pkg
running install_egg_info
Copying ../../build/my_py-pkg/my_py_pkg.egg-info to /home/novinnam/Desktop/ros2_jazzy_moveit_arm_sim/ros2_ws/install/my_py-pkg/lib/python3.12/site-packages/my_py_pkg-0.0.0-py3.12.egg-info
running install_scripts
writing list of installed files to '/home/novinnam/Desktop/ros2_jazzy_moveit_arm_sim/ros2_ws/build/my_py-pkg/install.log'
