[0.028s] Invoking command in '/home/novinnam/Desktop/ros2_jazzy_moveit_arm_sim/ros2_ws/build/my_cpp_pkg': CMAKE_PREFIX_PATH=${CMAKE_PREFIX_PATH}:/home/novinnam/Desktop/ros2_jazzy_moveit_arm_sim/ros2_ws/install/my_py_pkg:/home/novinnam/Desktop/ros2_jazzy_moveit_arm_sim/ros2_ws/install/my_py-pkg:/home/novinnam/ws_moveit/install/moveit_configs_utils:/opt/ros/jazzy DEBUGINFOD_URLS=https://debuginfod.ubuntu.com /usr/bin/cmake /home/novinnam/Desktop/ros2_jazzy_moveit_arm_sim/ros2_ws/src/my_cpp_pkg -DCMAKE_INSTALL_PREFIX=/home/novinnam/Desktop/ros2_jazzy_moveit_arm_sim/ros2_ws/install/my_cpp_pkg
[0.104s] -- The C compiler identification is GNU 13.3.0
[0.173s] -- The CXX compiler identification is GNU 13.3.0
[0.194s] -- Detecting C compiler ABI info
[0.321s] -- Detecting C compiler ABI info - done
[0.331s] -- Check for working C compiler: /usr/bin/cc - skipped
[0.332s] -- Detecting C compile features
[0.332s] -- Detecting C compile features - done
[0.345s] -- Detecting CXX compiler ABI info
[0.483s] -- Detecting CXX compiler ABI info - done
[0.494s] -- Check for working CXX compiler: /usr/bin/c++ - skipped
[0.494s] -- Detecting CXX compile features
[0.494s] -- Detecting CXX compile features - done
[0.529s] -- Found rclcpp: 28.1.11 (/opt/ros/jazzy/share/rclcpp/cmake)
[0.794s] -- Found Python3: /usr/bin/python3 (found version "3.12.3") found components: Interpreter 
[1.190s] -- Found rosidl_generator_c: 4.6.6 (/opt/ros/jazzy/share/rosidl_generator_c/cmake)
[1.233s] -- Found rosidl_generator_cpp: 4.6.6 (/opt/ros/jazzy/share/rosidl_generator_cpp/cmake)
[1.282s] -- Using all available rosidl_typesupport_c: rosidl_typesupport_fastrtps_c;rosidl_typesupport_introspection_c
[1.335s] -- Using all available rosidl_typesupport_cpp: rosidl_typesupport_fastrtps_cpp;rosidl_typesupport_introspection_cpp
[1.521s] -- Found rmw_implementation_cmake: 7.3.2 (/opt/ros/jazzy/share/rmw_implementation_cmake/cmake)
[1.536s] -- Found rmw_fastrtps_cpp: 8.4.3 (/opt/ros/jazzy/share/rmw_fastrtps_cpp/cmake)
[1.710s] -- Found OpenSSL: /usr/lib/x86_64-linux-gnu/libcrypto.so (found version "3.0.13")  
[1.743s] -- Found FastRTPS: /opt/ros/jazzy/include (Required is at least version "2.13") 
[1.777s] -- Using RMW implementation 'rmw_fastrtps_cpp' as default
[1.922s] -- Configuring done (1.9s)
[1.926s] -- Generating done (0.0s)
[1.928s] -- Build files have been written to: /home/novinnam/Desktop/ros2_jazzy_moveit_arm_sim/ros2_ws/build/my_cpp_pkg
[1.939s] Invoked command in '/home/novinnam/Desktop/ros2_jazzy_moveit_arm_sim/ros2_ws/build/my_cpp_pkg' returned '0': CMAKE_PREFIX_PATH=${CMAKE_PREFIX_PATH}:/home/novinnam/Desktop/ros2_jazzy_moveit_arm_sim/ros2_ws/install/my_py_pkg:/home/novinnam/Desktop/ros2_jazzy_moveit_arm_sim/ros2_ws/install/my_py-pkg:/home/novinnam/ws_moveit/install/moveit_configs_utils:/opt/ros/jazzy DEBUGINFOD_URLS=https://debuginfod.ubuntu.com /usr/bin/cmake /home/novinnam/Desktop/ros2_jazzy_moveit_arm_sim/ros2_ws/src/my_cpp_pkg -DCMAKE_INSTALL_PREFIX=/home/novinnam/Desktop/ros2_jazzy_moveit_arm_sim/ros2_ws/install/my_cpp_pkg
[1.939s] Invoking command in '/home/novinnam/Desktop/ros2_jazzy_moveit_arm_sim/ros2_ws/build/my_cpp_pkg': CMAKE_PREFIX_PATH=${CMAKE_PREFIX_PATH}:/home/novinnam/Desktop/ros2_jazzy_moveit_arm_sim/ros2_ws/install/my_py_pkg:/home/novinnam/Desktop/ros2_jazzy_moveit_arm_sim/ros2_ws/install/my_py-pkg:/home/novinnam/ws_moveit/install/moveit_configs_utils:/opt/ros/jazzy DEBUGINFOD_URLS=https://debuginfod.ubuntu.com /usr/bin/cmake --build /home/novinnam/Desktop/ros2_jazzy_moveit_arm_sim/ros2_ws/build/my_cpp_pkg -- -j8 -l8
[2.003s] Invoked command in '/home/novinnam/Desktop/ros2_jazzy_moveit_arm_sim/ros2_ws/build/my_cpp_pkg' returned '0': CMAKE_PREFIX_PATH=${CMAKE_PREFIX_PATH}:/home/novinnam/Desktop/ros2_jazzy_moveit_arm_sim/ros2_ws/install/my_py_pkg:/home/novinnam/Desktop/ros2_jazzy_moveit_arm_sim/ros2_ws/install/my_py-pkg:/home/novinnam/ws_moveit/install/moveit_configs_utils:/opt/ros/jazzy DEBUGINFOD_URLS=https://debuginfod.ubuntu.com /usr/bin/cmake --build /home/novinnam/Desktop/ros2_jazzy_moveit_arm_sim/ros2_ws/build/my_cpp_pkg -- -j8 -l8
